<?xml version="1.0" encoding="UTF-8"?>
<testng-results ignored="0" total="1" passed="1" failed="0" skipped="0">
  <reporter-output>
    <line>
      <![CDATA[Running verifyUserID]]>
    </line>
    <line>
      <![CDATA[Logout to Appplication]]>
    </line>
    <line>
      <![CDATA[Close Browser]]>
    </line>
  </reporter-output>
  <suite started-at="2022-09-13T19:03:23 IST" name="Default suite" finished-at="2022-09-13T19:03:32 IST" duration-ms="8983">
    <groups>
    </groups>
    <test started-at="2022-09-13T19:03:23 IST" name="Default test" finished-at="2022-09-13T19:03:32 IST" duration-ms="8983">
      <class name="kiteTest.TestClass">
        <test-method is-config="true" signature="openBrowser()[pri:0, instance:kiteTest.TestClass@1e0b4072]" started-at="2022-09-13T19:03:23 IST" name="openBrowser" finished-at="2022-09-13T19:03:28 IST" duration-ms="4447" status="PASS">
          <reporter-output>
          </reporter-output>
        </test-method> <!-- openBrowser -->
        <test-method is-config="true" signature="LoginToApllication()[pri:0, instance:kiteTest.TestClass@1e0b4072]" started-at="2022-09-13T19:03:28 IST" name="LoginToApllication" finished-at="2022-09-13T19:03:30 IST" duration-ms="2133" status="PASS">
          <reporter-output>
          </reporter-output>
        </test-method> <!-- LoginToApllication -->
        <test-method signature="verifyUID()[pri:0, instance:kiteTest.TestClass@1e0b4072]" started-at="2022-09-13T19:03:30 IST" name="verifyUID" finished-at="2022-09-13T19:03:32 IST" duration-ms="2303" status="PASS">
          <reporter-output>
            <line>
              <![CDATA[Running verifyUserID]]>
            </line>
          </reporter-output>
        </test-method> <!-- verifyUID -->
        <test-method is-config="true" signature="logoutToApplication()[pri:0, instance:kiteTest.TestClass@1e0b4072]" started-at="2022-09-13T19:03:32 IST" name="logoutToApplication" finished-at="2022-09-13T19:03:32 IST" duration-ms="0" status="PASS">
          <reporter-output>
            <line>
              <![CDATA[Logout to Appplication]]>
            </line>
          </reporter-output>
        </test-method> <!-- logoutToApplication -->
        <test-method is-config="true" signature="closeBrowser()[pri:0, instance:kiteTest.TestClass@1e0b4072]" started-at="2022-09-13T19:03:32 IST" name="closeBrowser" finished-at="2022-09-13T19:03:32 IST" duration-ms="0" status="PASS">
          <reporter-output>
            <line>
              <![CDATA[Close Browser]]>
            </line>
          </reporter-output>
        </test-method> <!-- closeBrowser -->
      </class> <!-- kiteTest.TestClass -->
    </test> <!-- Default test -->
  </suite> <!-- Default suite -->
</testng-results>
